<?xml version="1.0" encoding="UTF-8"?>
<!-- Generated by org.testng.reporters.JUnitReportReporter -->
<testsuite hostname="FVRG2X2" failures="0" tests="3" name="TestNGExercise10.Exercise10Test" time="1.117" errors="0" timestamp="2024-04-10T20:24:53 CEST" skipped="0">
  <testcase classname="TestNGExercise10.Exercise10Test" name="logInWithInCorrectCredentialsTest" time="0.385"/>
  <system-out/>
  <testcase classname="TestNGExercise10.Exercise10Test" name="logInWithInCorrectCredentialsTest" time="0.377"/>
  <system-out/>
  <testcase classname="TestNGExercise10.Exercise10Test" name="logInWithInCorrectCredentialsTest" time="0.355"/>
  <system-out/>
</testsuite> <!-- TestNGExercise10.Exercise10Test -->
